<?xml version="1.0" encoding="UTF-8"?>
<!-- Generated by org.testng.reporters.JUnitReportReporter -->
<testsuite hostname="CPX-BGL07PNBN0D" failures="0" tests="1" name="Runner.RunnerClass" time="18.866" errors="0" timestamp="2022-01-30T14:06:35 BRT" skipped="0">
  <testcase classname="Runner.RunnerClass" name="runScenario" time="18.866"/>
  <system-out/>
</testsuite> <!-- Runner.RunnerClass -->
