<?xml version="1.0" encoding="UTF-8"?>
<!-- Generated by org.testng.reporters.JUnitReportReporter -->
<testsuite hostname="CPX-BGL07PNBN0D" failures="0" tests="1" name="Runner.RunnerClass" time="20.685" errors="0" timestamp="2022-01-29T18:25:59 BRT" skipped="0">
  <testcase classname="Runner.RunnerClass" name="runScenario" time="20.685"/>
  <system-out/>
</testsuite> <!-- Runner.RunnerClass -->
