<?xml version="1.0" encoding="UTF-8"?>
<!-- Generated by org.testng.reporters.JUnitReportReporter -->
<testsuite hostname="CPX-BGL07PNBN0D" failures="0" tests="1" name="Runner.RunnerClass" time="27.219" errors="0" timestamp="2022-01-30T20:23:55 BRT" skipped="0">
  <testcase classname="Runner.RunnerClass" name="runScenario" time="27.219"/>
  <system-out/>
</testsuite> <!-- Runner.RunnerClass -->
